<?xml version="1.0" encoding="UTF-8"?>
<!-- Generated by org.testng.reporters.JUnitReportReporter -->
<testsuite skipped="0" hostname="vengatesh" name="com.qa.api.Post_Put_Delete" tests="1" failures="0" timestamp="25 Feb 2019 07:59:03 GMT" time="2.575" errors="0">
  <testcase name="apiTest" time="2.575" classname="com.qa.api.Post_Put_Delete"/>
</testsuite> <!-- com.qa.api.Post_Put_Delete -->
