<?xml version="1.0" encoding="UTF-8"?>
<!-- Generated by org.testng.reporters.JUnitReportReporter -->
<testsuite skipped="0" hostname="vengatesh" name="com.qa.api.DeleteApiEntity" tests="1" failures="0" timestamp="25 Feb 2019 08:04:31 GMT" time="2.272" errors="0">
  <testcase name="apiTest" time="2.272" classname="com.qa.api.DeleteApiEntity"/>
</testsuite> <!-- com.qa.api.DeleteApiEntity -->
